<?xml version="1.0" ?>
<coverage branch-rate="0" line-rate="0.675" timestamp="1458085176259" version="4.0.3">
	<!-- Generated by coverage.py: https://coverage.readthedocs.org -->
	<!-- Based on https://raw.githubusercontent.com/cobertura/web/f0366e5e2cf18f111cbd61fc34ef720a6584ba02/htdocs/xml/coverage-03.dtd -->
	<sources>
		<source>/Users/enrique/PycharmProjects/practica2016</source>
		<source>/Users/enrique/PycharmProjects/practica2016/words</source>
	</sources>
	<packages>
		<package branch-rate="0" complexity="0" line-rate="0.675" name="words">
			<classes>
				<class branch-rate="0" complexity="0" filename="words/__init__.py" line-rate="1" name="__init__.py">
					<methods/>
					<lines/>
				</class>
				<class branch-rate="0" complexity="0" filename="words/metadata.py" line-rate="0" name="metadata.py">
					<methods/>
					<lines>
						<line hits="0" number="2"/>
						<line hits="0" number="9"/>
						<line hits="0" number="10"/>
						<line hits="0" number="11"/>
						<line hits="0" number="12"/>
						<line hits="0" number="13"/>
						<line hits="0" number="14"/>
						<line hits="0" number="15"/>
						<line hits="0" number="16"/>
						<line hits="0" number="17"/>
						<line hits="0" number="18"/>
						<line hits="0" number="19"/>
					</lines>
				</class>
				<class branch-rate="0" complexity="0" filename="words/words.py" line-rate="0.9643" name="words.py">
					<methods/>
					<lines>
						<line hits="1" number="1"/>
						<line hits="1" number="3"/>
						<line hits="1" number="5"/>
						<line hits="1" number="7"/>
						<line hits="1" number="17"/>
						<line hits="1" number="49"/>
						<line hits="1" number="54"/>
						<line hits="1" number="55"/>
						<line hits="1" number="58"/>
						<line hits="1" number="59"/>
						<line hits="1" number="60"/>
						<line hits="0" number="61"/>
						<line hits="1" number="62"/>
						<line hits="1" number="63"/>
						<line hits="1" number="66"/>
						<line hits="1" number="67"/>
						<line hits="1" number="68"/>
						<line hits="1" number="70"/>
						<line hits="1" number="71"/>
						<line hits="1" number="72"/>
						<line hits="1" number="73"/>
						<line hits="1" number="74"/>
						<line hits="1" number="75"/>
						<line hits="1" number="80"/>
						<line hits="1" number="81"/>
						<line hits="1" number="82"/>
						<line hits="1" number="83"/>
						<line hits="1" number="84"/>
					</lines>
				</class>
			</classes>
		</package>
	</packages>
</coverage>
